# JRE version: OpenJDK Runtime Environment (8.0_152-b08) (build 1.8.0_152-release-915-b08)
# Java VM: OpenJDK 64-Bit Server VM (25.152-b08 mixed mode bsd-amd64 compressed oops)
Heap:
 PSYoungGen      total 159232K, used 142085K [0x00000007a0000000, 0x00000007aba00000, 0x00000007c0000000)
  eden space 140288K, 94% used [0x00000007a0000000,0x00000007a80fbbe0,0x00000007a8900000)
  from space 18944K, 52% used [0x00000007aa780000,0x00000007ab145990,0x00000007aba00000)
  to   space 25088K, 0% used [0x00000007a8900000,0x00000007a8900000,0x00000007aa180000)
 ParOldGen       total 96768K, used 85328K [0x0000000760000000, 0x0000000765e80000, 0x00000007a0000000)
  object space 96768K, 88% used [0x0000000760000000,0x00000007653541a8,0x0000000765e80000)
 Metaspace       used 81011K, capacity 89300K, committed 89432K, reserved 1126400K
  class space    used 10160K, capacity 12101K, committed 12160K, reserved 1048576K
GC Heap History (10 events):
Event: 2583.130 GC heap before
{Heap before GC invocations=41 (full 3):
 PSYoungGen      total 181248K, used 181143K [0x00000007a0000000, 0x00000007ad980000, 0x00000007c0000000)
  eden space 168448K, 100% used [0x00000007a0000000,0x00000007aa480000,0x00000007aa480000)
  from space 12800K, 99% used [0x00000007aab00000,0x00000007ab765f18,0x00000007ab780000)
  to   space 27136K, 0% used [0x00000007abf00000,0x00000007abf00000,0x00000007ad980000)
 ParOldGen       total 96768K, used 83161K [0x0000000760000000, 0x0000000765e80000, 0x00000007a0000000)
  object space 96768K, 85% used [0x0000000760000000,0x0000000765136488,0x0000000765e80000)
 Metaspace       used 80577K, capacity 88560K, committed 88792K, reserved 1126400K
  class space    used 10114K, capacity 11941K, committed 12032K, reserved 1048576K
Event: 2583.146 GC heap after
Heap after GC invocations=41 (full 3):
 PSYoungGen      total 182272K, used 10759K [0x00000007a0000000, 0x00000007ad280000, 0x00000007c0000000)
  eden space 162304K, 0% used [0x00000007a0000000,0x00000007a0000000,0x00000007a9e80000)
  from space 19968K, 53% used [0x00000007abf00000,0x00000007ac981f50,0x00000007ad280000)
  to   space 26624K, 0% used [0x00000007a9e80000,0x00000007a9e80000,0x00000007ab880000)
 ParOldGen       total 96768K, used 83399K [0x0000000760000000, 0x0000000765e80000, 0x00000007a0000000)
  object space 96768K, 86% used [0x0000000760000000,0x0000000765171f08,0x0000000765e80000)
 Metaspace       used 80577K, capacity 88560K, committed 88792K, reserved 1126400K
  class space    used 10114K, capacity 11941K, committed 12032K, reserved 1048576K
}
Event: 2606.856 GC heap before
{Heap before GC invocations=42 (full 3):
 PSYoungGen      total 182272K, used 173063K [0x00000007a0000000, 0x00000007ad280000, 0x00000007c0000000)
  eden space 162304K, 100% used [0x00000007a0000000,0x00000007a9e80000,0x00000007a9e80000)
  from space 19968K, 53% used [0x00000007abf00000,0x00000007ac981f50,0x00000007ad280000)
  to   space 26624K, 0% used [0x00000007a9e80000,0x00000007a9e80000,0x00000007ab880000)
 ParOldGen       total 96768K, used 83399K [0x0000000760000000, 0x0000000765e80000, 0x00000007a0000000)
  object space 96768K, 86% used [0x0000000760000000,0x0000000765171f08,0x0000000765e80000)
 Metaspace       used 80660K, capacity 88680K, committed 88792K, reserved 1126400K
  class space    used 10125K, capacity 11981K, committed 12032K, reserved 1048576K
Event: 2606.875 GC heap after
Heap after GC invocations=42 (full 3):
 PSYoungGen      total 165888K, used 9664K [0x00000007a0000000, 0x00000007acc80000, 0x00000007c0000000)
  eden space 156160K, 0% used [0x00000007a0000000,0x00000007a0000000,0x00000007a9880000)
  from space 9728K, 99% used [0x00000007a9e80000,0x00000007aa7f0340,0x00000007aa800000)
  to   space 26624K, 0% used [0x00000007ab280000,0x00000007ab280000,0x00000007acc80000)
 ParOldGen       total 96768K, used 83675K [0x0000000760000000, 0x0000000765e80000, 0x00000007a0000000)
  object space 96768K, 86% used [0x0000000760000000,0x00000007651b6c38,0x0000000765e80000)
 Metaspace       used 80660K, capacity 88680K, committed 88792K, reserved 1126400K
  class space    used 10125K, capacity 11981K, committed 12032K, reserved 1048576K
}
Event: 2692.177 GC heap before
{Heap before GC invocations=43 (full 3):
 PSYoungGen      total 165888K, used 165824K [0x00000007a0000000, 0x00000007acc80000, 0x00000007c0000000)
  eden space 156160K, 100% used [0x00000007a0000000,0x00000007a9880000,0x00000007a9880000)
  from space 9728K, 99% used [0x00000007a9e80000,0x00000007aa7f0340,0x00000007aa800000)
  to   space 26624K, 0% used [0x00000007ab280000,0x00000007ab280000,0x00000007acc80000)
 ParOldGen       total 96768K, used 83675K [0x0000000760000000, 0x0000000765e80000, 0x00000007a0000000)
  object space 96768K, 86% used [0x0000000760000000,0x00000007651b6c38,0x0000000765e80000)
 Metaspace       used 80727K, capacity 88800K, committed 89048K, reserved 1126400K
  class space    used 10136K, capacity 12021K, committed 12032K, reserved 1048576K
Event: 2692.191 GC heap after
Heap after GC invocations=43 (full 3):
 PSYoungGen      total 170496K, used 7485K [0x00000007a0000000, 0x00000007ac600000, 0x00000007c0000000)
  eden space 150528K, 0% used [0x00000007a0000000,0x00000007a0000000,0x00000007a9300000)
  from space 19968K, 37% used [0x00000007ab280000,0x00000007ab9cf410,0x00000007ac600000)
  to   space 26112K, 0% used [0x00000007a9300000,0x00000007a9300000,0x00000007aac80000)
 ParOldGen       total 96768K, used 84153K [0x0000000760000000, 0x0000000765e80000, 0x00000007a0000000)
  object space 96768K, 86% used [0x0000000760000000,0x000000076522e6d8,0x0000000765e80000)
 Metaspace       used 80727K, capacity 88800K, committed 89048K, reserved 1126400K
  class space    used 10136K, capacity 12021K, committed 12032K, reserved 1048576K
}
Event: 2750.732 GC heap before
{Heap before GC invocations=44 (full 3):
 PSYoungGen      total 170496K, used 158013K [0x00000007a0000000, 0x00000007ac600000, 0x00000007c0000000)
  eden space 150528K, 100% used [0x00000007a0000000,0x00000007a9300000,0x00000007a9300000)
  from space 19968K, 37% used [0x00000007ab280000,0x00000007ab9cf410,0x00000007ac600000)
  to   space 26112K, 0% used [0x00000007a9300000,0x00000007a9300000,0x00000007aac80000)
 ParOldGen       total 96768K, used 84153K [0x0000000760000000, 0x0000000765e80000, 0x00000007a0000000)
  object space 96768K, 86% used [0x0000000760000000,0x000000076522e6d8,0x0000000765e80000)
 Metaspace       used 80842K, capacity 88988K, committed 89176K, reserved 1126400K
  class space    used 10149K, capacity 12061K, committed 12160K, reserved 1048576K
Event: 2750.784 GC heap after
Heap after GC invocations=44 (full 3):
 PSYoungGen      total 152576K, used 6738K [0x00000007a0000000, 0x00000007ac100000, 0x00000007c0000000)
  eden space 145408K, 0% used [0x00000007a0000000,0x00000007a0000000,0x00000007a8e00000)
  from space 7168K, 94% used [0x00000007a9300000,0x00000007a9994b78,0x00000007a9a00000)
  to   space 26112K, 0% used [0x00000007aa780000,0x00000007aa780000,0x00000007ac100000)
 ParOldGen       total 96768K, used 84797K [0x0000000760000000, 0x0000000765e80000, 0x00000007a0000000)
  object space 96768K, 87% used [0x0000000760000000,0x00000007652cf458,0x0000000765e80000)
 Metaspace       used 80842K, capacity 88988K, committed 89176K, reserved 1126400K
  class space    used 10149K, capacity 12061K, committed 12160K, reserved 1048576K
}
Event: 2753.965 GC heap before
{Heap before GC invocations=45 (full 3):
 PSYoungGen      total 152576K, used 152146K [0x00000007a0000000, 0x00000007ac100000, 0x00000007c0000000)
  eden space 145408K, 100% used [0x00000007a0000000,0x00000007a8e00000,0x00000007a8e00000)
  from space 7168K, 94% used [0x00000007a9300000,0x00000007a9994b78,0x00000007a9a00000)
  to   space 26112K, 0% used [0x00000007aa780000,0x00000007aa780000,0x00000007ac100000)
 ParOldGen       total 96768K, used 84797K [0x0000000760000000, 0x0000000765e80000, 0x00000007a0000000)
  object space 96768K, 87% used [0x0000000760000000,0x00000007652cf458,0x0000000765e80000)
 Metaspace       used 80941K, capacity 89180K, committed 89432K, reserved 1126400K
  class space    used 10149K, capacity 12061K, committed 12160K, reserved 1048576K
Event: 2753.991 GC heap after
Heap after GC invocations=45 (full 3):
 PSYoungGen      total 159232K, used 10006K [0x00000007a0000000, 0x00000007aba00000, 0x00000007c0000000)
  eden space 140288K, 0% used [0x00000007a0000000,0x00000007a0000000,0x00000007a8900000)
  from space 18944K, 52% used [0x00000007aa780000,0x00000007ab145990,0x00000007aba00000)
  to   space 25088K, 0% used [0x00000007a8900000,0x00000007a8900000,0x00000007aa180000)
 ParOldGen       total 96768K, used 85328K [0x0000000760000000, 0x0000000765e80000, 0x00000007a0000000)
  object space 96768K, 88% used [0x0000000760000000,0x00000007653541a8,0x0000000765e80000)
 Metaspace       used 80941K, capacity 89180K, committed 89432K, reserved 1126400K
  class space    used 10149K, capacity 12061K, committed 12160K, reserved 1048576K
}

