# JRE version: OpenJDK Runtime Environment (8.0_152-b08) (build 1.8.0_152-release-915-b08)
# Java VM: OpenJDK 64-Bit Server VM (25.152-b08 mixed mode bsd-amd64 compressed oops)
Heap:
 PSYoungGen      total 488448K, used 336393K [0x00000007a0000000, 0x00000007bff80000, 0x00000007c0000000)
  eden space 456192K, 71% used [0x00000007a0000000,0x00000007b3f42a70,0x00000007bbd80000)
  from space 32256K, 29% used [0x00000007bbd80000,0x00000007bc6bfd58,0x00000007bdd00000)
  to   space 31744K, 0% used [0x00000007be080000,0x00000007be080000,0x00000007bff80000)
 ParOldGen       total 146944K, used 119242K [0x0000000760000000, 0x0000000768f80000, 0x00000007a0000000)
  object space 146944K, 81% used [0x0000000760000000,0x0000000767472980,0x0000000768f80000)
 Metaspace       used 108749K, capacity 131684K, committed 131928K, reserved 1159168K
  class space    used 14601K, capacity 21334K, committed 21376K, reserved 1048576K
GC Heap History (10 events):
Event: 43608.764 GC heap before
{Heap before GC invocations=125 (full 4):
 PSYoungGen      total 484352K, used 463880K [0x00000007a0000000, 0x00000007bfd80000, 0x00000007c0000000)
  eden space 450048K, 100% used [0x00000007a0000000,0x00000007bb780000,0x00000007bb780000)
  from space 34304K, 40% used [0x00000007bdc00000,0x00000007be982068,0x00000007bfd80000)
  to   space 35840K, 0% used [0x00000007bb780000,0x00000007bb780000,0x00000007bda80000)
 ParOldGen       total 146944K, used 117478K [0x0000000760000000, 0x0000000768f80000, 0x00000007a0000000)
  object space 146944K, 79% used [0x0000000760000000,0x00000007672b9ad8,0x0000000768f80000)
 Metaspace       used 107554K, capacity 129412K, committed 129624K, reserved 1159168K
  class space    used 14379K, capacity 20766K, committed 20864K, reserved 1048576K
Event: 43608.833 GC heap after
Heap after GC invocations=125 (full 4):
 PSYoungGen      total 485888K, used 8812K [0x00000007a0000000, 0x00000007c0000000, 0x00000007c0000000)
  eden space 450048K, 0% used [0x00000007a0000000,0x00000007a0000000,0x00000007bb780000)
  from space 35840K, 24% used [0x00000007bb780000,0x00000007bc01b0e8,0x00000007bda80000)
  to   space 35328K, 0% used [0x00000007bdd80000,0x00000007bdd80000,0x00000007c0000000)
 ParOldGen       total 146944K, used 117932K [0x0000000760000000, 0x0000000768f80000, 0x00000007a0000000)
  object space 146944K, 80% used [0x0000000760000000,0x000000076732b0a0,0x0000000768f80000)
 Metaspace       used 107554K, capacity 129412K, committed 129624K, reserved 1159168K
  class space    used 14379K, capacity 20766K, committed 20864K, reserved 1048576K
}
Event: 44625.692 GC heap before
{Heap before GC invocations=126 (full 4):
 PSYoungGen      total 485888K, used 458860K [0x00000007a0000000, 0x00000007c0000000, 0x00000007c0000000)
  eden space 450048K, 100% used [0x00000007a0000000,0x00000007bb780000,0x00000007bb780000)
  from space 35840K, 24% used [0x00000007bb780000,0x00000007bc01b0e8,0x00000007bda80000)
  to   space 35328K, 0% used [0x00000007bdd80000,0x00000007bdd80000,0x00000007c0000000)
 ParOldGen       total 146944K, used 117932K [0x0000000760000000, 0x0000000768f80000, 0x00000007a0000000)
  object space 146944K, 80% used [0x0000000760000000,0x000000076732b0a0,0x0000000768f80000)
 Metaspace       used 108208K, capacity 130412K, committed 130648K, reserved 1159168K
  class space    used 14512K, capacity 21012K, committed 21120K, reserved 1048576K
Event: 44625.832 GC heap after
Heap after GC invocations=126 (full 4):
 PSYoungGen      total 486912K, used 10437K [0x00000007a0000000, 0x00000007bfe80000, 0x00000007c0000000)
  eden space 453120K, 0% used [0x00000007a0000000,0x00000007a0000000,0x00000007bba80000)
  from space 33792K, 30% used [0x00000007bdd80000,0x00000007be7b17f0,0x00000007bfe80000)
  to   space 34816K, 0% used [0x00000007bba80000,0x00000007bba80000,0x00000007bdc80000)
 ParOldGen       total 146944K, used 118296K [0x0000000760000000, 0x0000000768f80000, 0x00000007a0000000)
  object space 146944K, 80% used [0x0000000760000000,0x00000007673860d0,0x0000000768f80000)
 Metaspace       used 108208K, capacity 130412K, committed 130648K, reserved 1159168K
  class space    used 14512K, capacity 21012K, committed 21120K, reserved 1048576K
}
Event: 44722.321 GC heap before
{Heap before GC invocations=127 (full 4):
 PSYoungGen      total 486912K, used 463557K [0x00000007a0000000, 0x00000007bfe80000, 0x00000007c0000000)
  eden space 453120K, 100% used [0x00000007a0000000,0x00000007bba80000,0x00000007bba80000)
  from space 33792K, 30% used [0x00000007bdd80000,0x00000007be7b17f0,0x00000007bfe80000)
  to   space 34816K, 0% used [0x00000007bba80000,0x00000007bba80000,0x00000007bdc80000)
 ParOldGen       total 146944K, used 118296K [0x0000000760000000, 0x0000000768f80000, 0x00000007a0000000)
  object space 146944K, 80% used [0x0000000760000000,0x00000007673860d0,0x0000000768f80000)
 Metaspace       used 108303K, capacity 130652K, committed 130904K, reserved 1159168K
  class space    used 14534K, capacity 21092K, committed 21120K, reserved 1048576K
Event: 44722.462 GC heap after
Heap after GC invocations=127 (full 4):
 PSYoungGen      total 487936K, used 12976K [0x00000007a0000000, 0x00000007bfe00000, 0x00000007c0000000)
  eden space 453120K, 0% used [0x00000007a0000000,0x00000007a0000000,0x00000007bba80000)
  from space 34816K, 37% used [0x00000007bba80000,0x00000007bc72c010,0x00000007bdc80000)
  to   space 33280K, 0% used [0x00000007bdd80000,0x00000007bdd80000,0x00000007bfe00000)
 ParOldGen       total 146944K, used 118587K [0x0000000760000000, 0x0000000768f80000, 0x00000007a0000000)
  object space 146944K, 80% used [0x0000000760000000,0x00000007673cee50,0x0000000768f80000)
 Metaspace       used 108303K, capacity 130652K, committed 130904K, reserved 1159168K
  class space    used 14534K, capacity 21092K, committed 21120K, reserved 1048576K
}
Event: 44928.077 GC heap before
{Heap before GC invocations=128 (full 4):
 PSYoungGen      total 487936K, used 466096K [0x00000007a0000000, 0x00000007bfe00000, 0x00000007c0000000)
  eden space 453120K, 100% used [0x00000007a0000000,0x00000007bba80000,0x00000007bba80000)
  from space 34816K, 37% used [0x00000007bba80000,0x00000007bc72c010,0x00000007bdc80000)
  to   space 33280K, 0% used [0x00000007bdd80000,0x00000007bdd80000,0x00000007bfe00000)
 ParOldGen       total 146944K, used 118587K [0x0000000760000000, 0x0000000768f80000, 0x00000007a0000000)
  object space 146944K, 80% used [0x0000000760000000,0x00000007673cee50,0x0000000768f80000)
 Metaspace       used 108394K, capacity 130956K, committed 131032K, reserved 1159168K
  class space    used 14556K, capacity 21172K, committed 21248K, reserved 1048576K
Event: 44928.156 GC heap after
Heap after GC invocations=128 (full 4):
 PSYoungGen      total 487936K, used 13596K [0x00000007a0000000, 0x00000007bfc80000, 0x00000007c0000000)
  eden space 456192K, 0% used [0x00000007a0000000,0x00000007a0000000,0x00000007bbd80000)
  from space 31744K, 42% used [0x00000007bdd80000,0x00000007beac7158,0x00000007bfc80000)
  to   space 32256K, 0% used [0x00000007bbd80000,0x00000007bbd80000,0x00000007bdd00000)
 ParOldGen       total 146944K, used 118927K [0x0000000760000000, 0x0000000768f80000, 0x00000007a0000000)
  object space 146944K, 80% used [0x0000000760000000,0x0000000767423c00,0x0000000768f80000)
 Metaspace       used 108394K, capacity 130956K, committed 131032K, reserved 1159168K
  class space    used 14556K, capacity 21172K, committed 21248K, reserved 1048576K
}
Event: 45474.565 GC heap before
{Heap before GC invocations=129 (full 4):
 PSYoungGen      total 487936K, used 469788K [0x00000007a0000000, 0x00000007bfc80000, 0x00000007c0000000)
  eden space 456192K, 100% used [0x00000007a0000000,0x00000007bbd80000,0x00000007bbd80000)
  from space 31744K, 42% used [0x00000007bdd80000,0x00000007beac7158,0x00000007bfc80000)
  to   space 32256K, 0% used [0x00000007bbd80000,0x00000007bbd80000,0x00000007bdd00000)
 ParOldGen       total 146944K, used 118927K [0x0000000760000000, 0x0000000768f80000, 0x00000007a0000000)
  object space 146944K, 80% used [0x0000000760000000,0x0000000767423c00,0x0000000768f80000)
 Metaspace       used 108688K, capacity 131564K, committed 131672K, reserved 1159168K
  class space    used 14590K, capacity 21294K, committed 21376K, reserved 1048576K
Event: 45474.689 GC heap after
Heap after GC invocations=129 (full 4):
 PSYoungGen      total 488448K, used 9471K [0x00000007a0000000, 0x00000007bff80000, 0x00000007c0000000)
  eden space 456192K, 0% used [0x00000007a0000000,0x00000007a0000000,0x00000007bbd80000)
  from space 32256K, 29% used [0x00000007bbd80000,0x00000007bc6bfd58,0x00000007bdd00000)
  to   space 31744K, 0% used [0x00000007be080000,0x00000007be080000,0x00000007bff80000)
 ParOldGen       total 146944K, used 119242K [0x0000000760000000, 0x0000000768f80000, 0x00000007a0000000)
  object space 146944K, 81% used [0x0000000760000000,0x0000000767472980,0x0000000768f80000)
 Metaspace       used 108688K, capacity 131564K, committed 131672K, reserved 1159168K
  class space    used 14590K, capacity 21294K, committed 21376K, reserved 1048576K
}

