# JRE version: OpenJDK Runtime Environment (8.0_152-b08) (build 1.8.0_152-release-915-b08)
# Java VM: OpenJDK 64-Bit Server VM (25.152-b08 mixed mode bsd-amd64 compressed oops)
Heap:
 PSYoungGen      total 317440K, used 61406K [0x00000007a0000000, 0x00000007b7c80000, 0x00000007c0000000)
  eden space 295424K, 13% used [0x00000007a0000000,0x00000007a269b940,0x00000007b2080000)
  from space 22016K, 99% used [0x00000007b6700000,0x00000007b7c5c090,0x00000007b7c80000)
  to   space 46080K, 0% used [0x00000007b2280000,0x00000007b2280000,0x00000007b4f80000)
 ParOldGen       total 165376K, used 153961K [0x0000000760000000, 0x000000076a180000, 0x00000007a0000000)
  object space 165376K, 93% used [0x0000000760000000,0x000000076965a778,0x000000076a180000)
 Metaspace       used 104574K, capacity 118388K, committed 118488K, reserved 1150976K
  class space    used 13580K, capacity 17091K, committed 17152K, reserved 1048576K
GC Heap History (10 events):
Event: 13839.610 GC heap before
{Heap before GC invocations=64 (full 4):
 PSYoungGen      total 350720K, used 350657K [0x00000007a0000000, 0x00000007bae80000, 0x00000007c0000000)
  eden space 332288K, 100% used [0x00000007a0000000,0x00000007b4480000,0x00000007b4480000)
  from space 18432K, 99% used [0x00000007b5280000,0x00000007b6470570,0x00000007b6480000)
  to   space 54272K, 0% used [0x00000007b7980000,0x00000007b7980000,0x00000007bae80000)
 ParOldGen       total 165376K, used 152700K [0x0000000760000000, 0x000000076a180000, 0x00000007a0000000)
  object space 165376K, 92% used [0x0000000760000000,0x000000076951f3c0,0x000000076a180000)
 Metaspace       used 101716K, capacity 114528K, committed 114648K, reserved 1146880K
  class space    used 13087K, capacity 16284K, committed 16384K, reserved 1048576K
Event: 13839.886 GC heap after
Heap after GC invocations=64 (full 4):
 PSYoungGen      total 357888K, used 18400K [0x00000007a0000000, 0x00000007b9f80000, 0x00000007c0000000)
  eden space 318976K, 0% used [0x00000007a0000000,0x00000007a0000000,0x00000007b3780000)
  from space 38912K, 47% used [0x00000007b7980000,0x00000007b8b78250,0x00000007b9f80000)
  to   space 53248K, 0% used [0x00000007b3780000,0x00000007b3780000,0x00000007b6b80000)
 ParOldGen       total 165376K, used 152908K [0x0000000760000000, 0x000000076a180000, 0x00000007a0000000)
  object space 165376K, 92% used [0x0000000760000000,0x00000007695533e0,0x000000076a180000)
 Metaspace       used 101716K, capacity 114528K, committed 114648K, reserved 1146880K
  class space    used 13087K, capacity 16284K, committed 16384K, reserved 1048576K
}
Event: 13881.693 GC heap before
{Heap before GC invocations=65 (full 4):
 PSYoungGen      total 357888K, used 337376K [0x00000007a0000000, 0x00000007b9f80000, 0x00000007c0000000)
  eden space 318976K, 100% used [0x00000007a0000000,0x00000007b3780000,0x00000007b3780000)
  from space 38912K, 47% used [0x00000007b7980000,0x00000007b8b78250,0x00000007b9f80000)
  to   space 53248K, 0% used [0x00000007b3780000,0x00000007b3780000,0x00000007b6b80000)
 ParOldGen       total 165376K, used 152908K [0x0000000760000000, 0x000000076a180000, 0x00000007a0000000)
  object space 165376K, 92% used [0x0000000760000000,0x00000007695533e0,0x000000076a180000)
 Metaspace       used 101974K, capacity 114966K, committed 115160K, reserved 1148928K
  class space    used 13125K, capacity 16365K, committed 16384K, reserved 1048576K
Event: 13881.767 GC heap after
Heap after GC invocations=65 (full 4):
 PSYoungGen      total 331264K, used 24936K [0x00000007a0000000, 0x00000007b8e00000, 0x00000007c0000000)
  eden space 306176K, 0% used [0x00000007a0000000,0x00000007a0000000,0x00000007b2b00000)
  from space 25088K, 99% used [0x00000007b3780000,0x00000007b4fda0f8,0x00000007b5000000)
  to   space 50688K, 0% used [0x00000007b5c80000,0x00000007b5c80000,0x00000007b8e00000)
 ParOldGen       total 165376K, used 153176K [0x0000000760000000, 0x000000076a180000, 0x00000007a0000000)
  object space 165376K, 92% used [0x0000000760000000,0x00000007695963f0,0x000000076a180000)
 Metaspace       used 101974K, capacity 114966K, committed 115160K, reserved 1148928K
  class space    used 13125K, capacity 16365K, committed 16384K, reserved 1048576K
}
Event: 13886.771 GC heap before
{Heap before GC invocations=66 (full 4):
 PSYoungGen      total 331264K, used 331108K [0x00000007a0000000, 0x00000007b8e00000, 0x00000007c0000000)
  eden space 306176K, 99% used [0x00000007a0000000,0x00000007b2aff130,0x00000007b2b00000)
  from space 25088K, 99% used [0x00000007b3780000,0x00000007b4fda0f8,0x00000007b5000000)
  to   space 50688K, 0% used [0x00000007b5c80000,0x00000007b5c80000,0x00000007b8e00000)
 ParOldGen       total 165376K, used 153176K [0x0000000760000000, 0x000000076a180000, 0x00000007a0000000)
  object space 165376K, 92% used [0x0000000760000000,0x00000007695963f0,0x000000076a180000)
 Metaspace       used 102059K, capacity 115002K, committed 115288K, reserved 1148928K
  class space    used 13128K, capacity 16397K, committed 16512K, reserved 1048576K
Event: 13886.894 GC heap after
Heap after GC invocations=66 (full 4):
 PSYoungGen      total 358400K, used 22550K [0x00000007a0000000, 0x00000007b9980000, 0x00000007c0000000)
  eden space 307712K, 0% used [0x00000007a0000000,0x00000007a0000000,0x00000007b2c80000)
  from space 50688K, 44% used [0x00000007b5c80000,0x00000007b72858c0,0x00000007b8e00000)
  to   space 49152K, 0% used [0x00000007b2c80000,0x00000007b2c80000,0x00000007b5c80000)
 ParOldGen       total 165376K, used 153372K [0x0000000760000000, 0x000000076a180000, 0x00000007a0000000)
  object space 165376K, 92% used [0x0000000760000000,0x00000007695c7178,0x000000076a180000)
 Metaspace       used 102059K, capacity 115002K, committed 115288K, reserved 1148928K
  class space    used 13128K, capacity 16397K, committed 16512K, reserved 1048576K
}
Event: 14344.685 GC heap before
{Heap before GC invocations=67 (full 4):
 PSYoungGen      total 358400K, used 330262K [0x00000007a0000000, 0x00000007b9980000, 0x00000007c0000000)
  eden space 307712K, 100% used [0x00000007a0000000,0x00000007b2c80000,0x00000007b2c80000)
  from space 50688K, 44% used [0x00000007b5c80000,0x00000007b72858c0,0x00000007b8e00000)
  to   space 49152K, 0% used [0x00000007b2c80000,0x00000007b2c80000,0x00000007b5c80000)
 ParOldGen       total 165376K, used 153372K [0x0000000760000000, 0x000000076a180000, 0x00000007a0000000)
  object space 165376K, 92% used [0x0000000760000000,0x00000007695c7178,0x000000076a180000)
 Metaspace       used 103017K, capacity 116206K, committed 116568K, reserved 1148928K
  class space    used 13292K, capacity 16648K, committed 16768K, reserved 1048576K
Event: 14345.356 GC heap after
Heap after GC invocations=67 (full 4):
 PSYoungGen      total 356864K, used 18975K [0x00000007a0000000, 0x00000007b9580000, 0x00000007c0000000)
  eden space 307712K, 0% used [0x00000007a0000000,0x00000007a0000000,0x00000007b2c80000)
  from space 49152K, 38% used [0x00000007b2c80000,0x00000007b3f07c28,0x00000007b5c80000)
  to   space 47616K, 0% used [0x00000007b6700000,0x00000007b6700000,0x00000007b9580000)
 ParOldGen       total 165376K, used 153679K [0x0000000760000000, 0x000000076a180000, 0x00000007a0000000)
  object space 165376K, 92% used [0x0000000760000000,0x0000000769613c78,0x000000076a180000)
 Metaspace       used 103017K, capacity 116206K, committed 116568K, reserved 1148928K
  class space    used 13292K, capacity 16648K, committed 16768K, reserved 1048576K
}
Event: 14631.521 GC heap before
{Heap before GC invocations=68 (full 4):
 PSYoungGen      total 356864K, used 326687K [0x00000007a0000000, 0x00000007b9580000, 0x00000007c0000000)
  eden space 307712K, 100% used [0x00000007a0000000,0x00000007b2c80000,0x00000007b2c80000)
  from space 49152K, 38% used [0x00000007b2c80000,0x00000007b3f07c28,0x00000007b5c80000)
  to   space 47616K, 0% used [0x00000007b6700000,0x00000007b6700000,0x00000007b9580000)
 ParOldGen       total 165376K, used 153679K [0x0000000760000000, 0x000000076a180000, 0x00000007a0000000)
  object space 165376K, 92% used [0x0000000760000000,0x0000000769613c78,0x000000076a180000)
 Metaspace       used 104437K, capacity 118168K, committed 118488K, reserved 1150976K
  class space    used 13555K, capacity 17045K, committed 17152K, reserved 1048576K
Event: 14631.891 GC heap after
Heap after GC invocations=68 (full 4):
 PSYoungGen      total 317440K, used 21872K [0x00000007a0000000, 0x00000007b7c80000, 0x00000007c0000000)
  eden space 295424K, 0% used [0x00000007a0000000,0x00000007a0000000,0x00000007b2080000)
  from space 22016K, 99% used [0x00000007b6700000,0x00000007b7c5c090,0x00000007b7c80000)
  to   space 46080K, 0% used [0x00000007b2280000,0x00000007b2280000,0x00000007b4f80000)
 ParOldGen       total 165376K, used 153961K [0x0000000760000000, 0x000000076a180000, 0x00000007a0000000)
  object space 165376K, 93% used [0x0000000760000000,0x000000076965a778,0x000000076a180000)
 Metaspace       used 104437K, capacity 118168K, committed 118488K, reserved 1150976K
  class space    used 13555K, capacity 17045K, committed 17152K, reserved 1048576K
}

